<?xml version="1.0" encoding="UTF-8"?>
<!-- Generated by org.testng.reporters.JUnitXMLReporter -->
<testsuite hostname="sys" ignored="4" tests="0" failures="0" timestamp="12 May 2020 08:26:44 GMT" time="0.003" errors="0">
  <testcase name="deleteUnreadMails" time="0.0" classname="com.gmail.TestCases.TestCase">
    <ignored/>
  </testcase> <!-- deleteUnreadMails -->
  <testcase name="mailLogintTest1" time="0.0" classname="com.gmail.TestCases.TestCase">
    <ignored/>
  </testcase> <!-- mailLogintTest1 -->
  <testcase name="mailLogintTest2" time="0.0" classname="com.gmail.TestCases.TestCase">
    <ignored/>
  </testcase> <!-- mailLogintTest2 -->
  <testcase name="mailLogintTest3" time="0.0" classname="com.gmail.TestCases.TestCase">
    <ignored/>
  </testcase> <!-- mailLogintTest3 -->
</testsuite>
