<?xml version="1.0" encoding="UTF-8"?>
<!-- Generated by org.testng.reporters.JUnitXMLReporter -->
<testsuite hostname="sys" ignored="3" name="Test4" tests="1" failures="0" timestamp="12 May 2020 08:27:33 GMT" time="48.658" errors="0">
  <testcase name="deleteUnreadMails" time="46.481" classname="com.gmail.TestCases.TestCase"/>
  <testcase name="mailLogintTest1" time="0.0" classname="com.gmail.TestCases.TestCase">
    <ignored/>
  </testcase> <!-- mailLogintTest1 -->
  <testcase name="mailLogintTest2" time="0.0" classname="com.gmail.TestCases.TestCase">
    <ignored/>
  </testcase> <!-- mailLogintTest2 -->
  <testcase name="mailLogintTest3" time="0.0" classname="com.gmail.TestCases.TestCase">
    <ignored/>
  </testcase> <!-- mailLogintTest3 -->
</testsuite> <!-- Test4 -->
